;  LST file generated by mikroListExporter - v.2.0 
; Date/Time: 07.02.2017 11:16:23
;----------------------------------------------

;Address Opcode 	ASM
0x0000	0x287E      	GOTO       126
_Delay_1us:
;__Lib_Delays.c,7 :: 		void Delay_1us() {
;__Lib_Delays.c,8 :: 		Delay_us(1);
0x0003	0x0000      	NOP
0x0004	0x0000      	NOP
;__Lib_Delays.c,9 :: 		}
L_end_Delay_1us:
0x0005	0x0008      	RETURN
; end of _Delay_1us
_Delay_10us:
;__Lib_Delays.c,11 :: 		void Delay_10us() {
;__Lib_Delays.c,12 :: 		Delay_us(10);
0x0006	0x3006      	MOVLW      6
0x0007	0x1283      	BCF        STATUS, 5
0x0008	0x1303      	BCF        STATUS, 6
0x0009	0x00FD      	MOVWF      R13
L_Delay_10us0:
0x000A	0x0BFD      	DECFSZ     R13, 1
0x000B	0x280A      	GOTO       L_Delay_10us0
0x000C	0x0000      	NOP
;__Lib_Delays.c,13 :: 		}
L_end_Delay_10us:
0x000D	0x0008      	RETURN
; end of _Delay_10us
_Keypad_Key_Press:
;__Lib_Keypad4x4.c,38 :: 		
;__Lib_Keypad4x4.c,42 :: 		
0x000E	0x1283      	BCF        STATUS, 5
0x000F	0x1303      	BCF        STATUS, 6
0x0010	0x01C6      	CLRF       Keypad_Key_Press_rslt_L0
;__Lib_Keypad4x4.c,43 :: 		
0x0011	0x01C8      	CLRF       Keypad_Key_Press_loc_L0
;__Lib_Keypad4x4.c,44 :: 		
0x0012	0x01C9      	CLRF       Keypad_Key_Press_rowcnt_L0
;__Lib_Keypad4x4.c,45 :: 		
0x0013	0x3010      	MOVLW      16
0x0014	0x00CA      	MOVWF      Keypad_Key_Press_shifter_L0
;__Lib_Keypad4x4.c,47 :: 		
L_Keypad_Key_Press0:
0x0015	0x3004      	MOVLW      4
0x0016	0x0249      	SUBWF      Keypad_Key_Press_rowcnt_L0, 0
0x0017	0x1803      	BTFSC      STATUS, 0
0x0018	0x283A      	GOTO       L_Keypad_Key_Press1
;__Lib_Keypad4x4.c,49 :: 		
0x0019	0x30F0      	MOVLW      240
0x001A	0x0088      	MOVWF      keypadPort
;__Lib_Keypad4x4.c,50 :: 		
0x001B	0x094A      	COMF       Keypad_Key_Press_shifter_L0, 0
0x001C	0x1683      	BSF        STATUS, 5
0x001D	0x0088      	MOVWF      keypadPort+128
;__Lib_Keypad4x4.c,54 :: 		
0x001E	0x2003      	CALL       _Delay_1us
;__Lib_Keypad4x4.c,55 :: 		
0x001F	0x2003      	CALL       _Delay_1us
;__Lib_Keypad4x4.c,56 :: 		
0x0020	0x300F      	MOVLW      15
0x0021	0x1283      	BCF        STATUS, 5
0x0022	0x0508      	ANDWF      keypadPort, 0
0x0023	0x00F0      	MOVWF      R0
0x0024	0x0870      	MOVF       R0, 0
0x0025	0x00C7      	MOVWF      Keypad_Key_Press_kdata_L0
;__Lib_Keypad4x4.c,57 :: 		
0x0026	0x0870      	MOVF       R0, 0
0x0027	0x1903      	BTFSC      STATUS, 2
0x0028	0x2834      	GOTO       L_Keypad_Key_Press2
;__Lib_Keypad4x4.c,59 :: 		
0x0029	0x0848      	MOVF       Keypad_Key_Press_loc_L0, 0
0x002A	0x00C6      	MOVWF      Keypad_Key_Press_rslt_L0
;__Lib_Keypad4x4.c,60 :: 		
L_Keypad_Key_Press3:
0x002B	0x0847      	MOVF       Keypad_Key_Press_kdata_L0, 0
0x002C	0x1903      	BTFSC      STATUS, 2
0x002D	0x2832      	GOTO       L_Keypad_Key_Press4
;__Lib_Keypad4x4.c,61 :: 		
0x002E	0x0CC7      	RRF        Keypad_Key_Press_kdata_L0, 1
0x002F	0x13C7      	BCF        Keypad_Key_Press_kdata_L0, 7
;__Lib_Keypad4x4.c,62 :: 		
0x0030	0x0AC6      	INCF       Keypad_Key_Press_rslt_L0, 1
;__Lib_Keypad4x4.c,63 :: 		
0x0031	0x282B      	GOTO       L_Keypad_Key_Press3
L_Keypad_Key_Press4:
;__Lib_Keypad4x4.c,65 :: 		
0x0032	0x3004      	MOVLW      4
0x0033	0x00C9      	MOVWF      Keypad_Key_Press_rowcnt_L0
;__Lib_Keypad4x4.c,66 :: 		
L_Keypad_Key_Press2:
;__Lib_Keypad4x4.c,67 :: 		
0x0034	0x0DCA      	RLF        Keypad_Key_Press_shifter_L0, 1
0x0035	0x104A      	BCF        Keypad_Key_Press_shifter_L0, 0
;__Lib_Keypad4x4.c,68 :: 		
0x0036	0x3004      	MOVLW      4
0x0037	0x07C8      	ADDWF      Keypad_Key_Press_loc_L0, 1
;__Lib_Keypad4x4.c,69 :: 		
0x0038	0x0AC9      	INCF       Keypad_Key_Press_rowcnt_L0, 1
;__Lib_Keypad4x4.c,70 :: 		
0x0039	0x2815      	GOTO       L_Keypad_Key_Press0
L_Keypad_Key_Press1:
;__Lib_Keypad4x4.c,72 :: 		
0x003A	0x0846      	MOVF       Keypad_Key_Press_rslt_L0, 0
0x003B	0x00F0      	MOVWF      R0
;__Lib_Keypad4x4.c,73 :: 		
L_end_Keypad_Key_Press:
0x003C	0x0008      	RETURN
; end of _Keypad_Key_Press
_____DoICP:
;__Lib_System.c,6 :: 		
;__Lib_System.c,9 :: 		
0x003D	0x1283      	BCF        STATUS, 5
0x003E	0x1303      	BCF        STATUS, 6
0x003F	0x0841      	MOVF       ___DoICPAddr+1, 0
0x0040	0x008A      	MOVWF      PCLATH
;__Lib_System.c,10 :: 		
0x0041	0x0840      	MOVF       ___DoICPAddr, 0
0x0042	0x0082      	MOVWF      PCL
;__Lib_System.c,12 :: 		
L_end_____DoICP:
0x0043	0x0008      	RETURN
; end of _____DoICP
_EEPROM_Write:
;__Lib_EEPROM.c,16 :: 		
;__Lib_EEPROM.c,20 :: 		
L_EEPROM_Write0:
0x0044	0x1683      	BSF        STATUS, 5
0x0045	0x1703      	BSF        STATUS, 6
0x0046	0x1C8C      	BTFSS      EECON1, 1
0x0047	0x284A      	GOTO       L_EEPROM_Write1
0x0048	0x0000      	NOP
0x0049	0x2844      	GOTO       L_EEPROM_Write0
L_EEPROM_Write1:
;__Lib_EEPROM.c,21 :: 		
0x004A	0x1283      	BCF        STATUS, 5
0x004B	0x1303      	BCF        STATUS, 6
0x004C	0x0844      	MOVF       FARG_EEPROM_Write_Address, 0
0x004D	0x1703      	BSF        STATUS, 6
0x004E	0x008D      	MOVWF      EEADR
;__Lib_EEPROM.c,22 :: 		
0x004F	0x1303      	BCF        STATUS, 6
0x0050	0x0845      	MOVF       FARG_EEPROM_Write_data_, 0
0x0051	0x1703      	BSF        STATUS, 6
0x0052	0x008C      	MOVWF      EEDATA
;__Lib_EEPROM.c,23 :: 		
0x0053	0x1683      	BSF        STATUS, 5
0x0054	0x138C      	BCF        EECON1, 7
;__Lib_EEPROM.c,24 :: 		
0x0055	0x150C      	BSF        EECON1, 2
;__Lib_EEPROM.c,26 :: 		
0x0056	0x080B      	MOVF       INTCON, 0
0x0057	0x00F0      	MOVWF      R0
;__Lib_EEPROM.c,29 :: 		
0x0058	0x138B      	BCF        INTCON, 7
;__Lib_EEPROM.c,30 :: 		
0x0059	0x3055      	MOVLW      85
0x005A	0x008D      	MOVWF      EECON2
;__Lib_EEPROM.c,31 :: 		
0x005B	0x30AA      	MOVLW      170
0x005C	0x008D      	MOVWF      EECON2
;__Lib_EEPROM.c,32 :: 		
0x005D	0x148C      	BSF        EECON1, 1
;__Lib_EEPROM.c,36 :: 		
0x005E	0x1BF0      	BTFSC      R0, 7
0x005F	0x2862      	GOTO       L__EEPROM_Write4
0x0060	0x138B      	BCF        INTCON, 7
0x0061	0x2863      	GOTO       L__EEPROM_Write5
L__EEPROM_Write4:
0x0062	0x178B      	BSF        INTCON, 7
L__EEPROM_Write5:
;__Lib_EEPROM.c,37 :: 		
0x0063	0x110C      	BCF        EECON1, 2
;__Lib_EEPROM.c,38 :: 		
L_end_EEPROM_Write:
0x0064	0x0008      	RETURN
; end of _EEPROM_Write
_Keypad_Key_Click:
;__Lib_Keypad4x4.c,76 :: 		
;__Lib_Keypad4x4.c,80 :: 		
0x0065	0x200E      	CALL       _Keypad_Key_Press
0x0066	0x0870      	MOVF       R0, 0
0x0067	0x00C4      	MOVWF      Keypad_Key_Click_rslt_L0
;__Lib_Keypad4x4.c,82 :: 		
L_Keypad_Key_Click5:
0x0068	0x300F      	MOVLW      15
0x0069	0x0508      	ANDWF      keypadPort, 0
0x006A	0x00F0      	MOVWF      R0
0x006B	0x1903      	BTFSC      STATUS, 2
0x006C	0x286F      	GOTO       L_Keypad_Key_Click6
;__Lib_Keypad4x4.c,83 :: 		
0x006D	0x2006      	CALL       _Delay_10us
0x006E	0x2868      	GOTO       L_Keypad_Key_Click5
L_Keypad_Key_Click6:
;__Lib_Keypad4x4.c,85 :: 		
0x006F	0x0844      	MOVF       Keypad_Key_Click_rslt_L0, 0
0x0070	0x00F0      	MOVWF      R0
;__Lib_Keypad4x4.c,86 :: 		
L_end_Keypad_Key_Click:
0x0071	0x0008      	RETURN
; end of _Keypad_Key_Click
___CC2DW:
;__Lib_System.c,134 :: 		
;__Lib_System.c,137 :: 		
_CC2D_Loop1:
;__Lib_System.c,139 :: 		
0x0072	0x203D      	CALL       _____DoICP
0x0073	0x118A      	BCF        PCLATH, 3
0x0074	0x120A      	BCF        PCLATH, 4
;__Lib_System.c,141 :: 		
0x0075	0x0080      	MOVWF      INDF
;__Lib_System.c,142 :: 		
0x0076	0x0A84      	INCF       FSR, 1
;__Lib_System.c,143 :: 		
0x0077	0x0AC0      	INCF       ___DoICPAddr, 1
;__Lib_System.c,145 :: 		
0x0078	0x1903      	BTFSC      STATUS, 2
;__Lib_System.c,146 :: 		
0x0079	0x0AC1      	INCF       ___DoICPAddr+1, 1
;__Lib_System.c,147 :: 		
0x007A	0x03F0      	DECF       R0, 1
;__Lib_System.c,149 :: 		
0x007B	0x1D03      	BTFSS      STATUS, 2
;__Lib_System.c,150 :: 		
0x007C	0x2872      	GOTO       _CC2D_Loop1
;__Lib_System.c,152 :: 		
L_end___CC2DW:
0x007D	0x0008      	RETURN
; end of ___CC2DW
_main:
0x007E	0x3014      	MOVLW      20
0x007F	0x1283      	BCF        STATUS, 5
0x0080	0x1303      	BCF        STATUS, 6
0x0081	0x00A0      	MOVWF      _T1
0x0082	0x01A1      	CLRF       33
0x0083	0x3005      	MOVLW      5
0x0084	0x00A2      	MOVWF      _V1
0x0085	0x01A3      	CLRF       35
0x0086	0x3019      	MOVLW      25
0x0087	0x00A4      	MOVWF      _T2
0x0088	0x01A5      	CLRF       37
0x0089	0x3006      	MOVLW      6
0x008A	0x00A6      	MOVWF      _arrayStates
0x008B	0x01A7      	CLRF       39
0x008C	0x305B      	MOVLW      91
0x008D	0x00A8      	MOVWF      40
0x008E	0x01A9      	CLRF       41
0x008F	0x304F      	MOVLW      79
0x0090	0x00AA      	MOVWF      42
0x0091	0x01AB      	CLRF       43
0x0092	0x3066      	MOVLW      102
0x0093	0x00AC      	MOVWF      44
0x0094	0x01AD      	CLRF       45
0x0095	0x306D      	MOVLW      109
0x0096	0x00AE      	MOVWF      46
0x0097	0x01AF      	CLRF       47
0x0098	0x307D      	MOVLW      125
0x0099	0x00B0      	MOVWF      48
0x009A	0x01B1      	CLRF       49
0x009B	0x3007      	MOVLW      7
0x009C	0x00B2      	MOVWF      50
0x009D	0x01B3      	CLRF       51
0x009E	0x307F      	MOVLW      127
0x009F	0x00B4      	MOVWF      52
0x00A0	0x01B5      	CLRF       53
0x00A1	0x3067      	MOVLW      103
0x00A2	0x00B6      	MOVWF      54
0x00A3	0x01B7      	CLRF       55
0x00A4	0x01B8      	CLRF       _currentHeatC
0x00A5	0x01B9      	CLRF       57
0x00A6	0x01BA      	CLRF       _currentHeatA
0x00A7	0x01BB      	CLRF       59
0x00A8	0x01BC      	CLRF       _rangeSelected
0x00A9	0x01BD      	CLRF       61
0x00AA	0x01BE      	CLRF       _started
0x00AB	0x01BF      	CLRF       63
;Proektna_2017.c,5 :: 		void main()
;Proektna_2017.c,7 :: 		TRISA=0x00;
0x00AC	0x1683      	BSF        STATUS, 5
0x00AD	0x0185      	CLRF       TRISA
;Proektna_2017.c,8 :: 		PORTA=0x00;
0x00AE	0x1283      	BCF        STATUS, 5
0x00AF	0x0185      	CLRF       PORTA
;Proektna_2017.c,9 :: 		TRISC=0x00;
0x00B0	0x1683      	BSF        STATUS, 5
0x00B1	0x0187      	CLRF       TRISC
;Proektna_2017.c,10 :: 		PORTC=0x00;
0x00B2	0x1283      	BCF        STATUS, 5
0x00B3	0x0187      	CLRF       PORTC
;Proektna_2017.c,11 :: 		EEPROM_Write(0x00 , T1);
0x00B4	0x01C4      	CLRF       FARG_EEPROM_Write_Address
0x00B5	0x0820      	MOVF       _T1, 0
0x00B6	0x00C5      	MOVWF      FARG_EEPROM_Write_data_
0x00B7	0x2044      	CALL       _EEPROM_Write
;Proektna_2017.c,12 :: 		EEPROM_Write(0x10 , V1);
0x00B8	0x3010      	MOVLW      16
0x00B9	0x1283      	BCF        STATUS, 5
0x00BA	0x1303      	BCF        STATUS, 6
0x00BB	0x00C4      	MOVWF      FARG_EEPROM_Write_Address
0x00BC	0x0822      	MOVF       _V1, 0
0x00BD	0x00C5      	MOVWF      FARG_EEPROM_Write_data_
0x00BE	0x2044      	CALL       _EEPROM_Write
;Proektna_2017.c,13 :: 		EEPROM_Write(0x20 , T2);
0x00BF	0x3020      	MOVLW      32
0x00C0	0x1283      	BCF        STATUS, 5
0x00C1	0x1303      	BCF        STATUS, 6
0x00C2	0x00C4      	MOVWF      FARG_EEPROM_Write_Address
0x00C3	0x0824      	MOVF       _T2, 0
0x00C4	0x00C5      	MOVWF      FARG_EEPROM_Write_data_
0x00C5	0x2044      	CALL       _EEPROM_Write
;Proektna_2017.c,14 :: 		PORTA=0x6D;
0x00C6	0x306D      	MOVLW      109
0x00C7	0x1283      	BCF        STATUS, 5
0x00C8	0x1303      	BCF        STATUS, 6
0x00C9	0x0085      	MOVWF      PORTA
;Proektna_2017.c,15 :: 		while(1)
L_main0:
;Proektna_2017.c,17 :: 		while(!kp)
L_main2:
0x00CA	0x0843      	MOVF       _kp, 0
0x00CB	0x1D03      	BTFSS      STATUS, 2
0x00CC	0x28D1      	GOTO       L_main3
;Proektna_2017.c,19 :: 		kp=Keypad_Key_Click();
0x00CD	0x2065      	CALL       _Keypad_Key_Click
0x00CE	0x0870      	MOVF       R0, 0
0x00CF	0x00C3      	MOVWF      _kp
;Proektna_2017.c,20 :: 		}
0x00D0	0x28CA      	GOTO       L_main2
L_main3:
;Proektna_2017.c,21 :: 		switch(kp)
0x00D1	0x29E9      	GOTO       L_main4
;Proektna_2017.c,24 :: 		case 1:
L_main6:
;Proektna_2017.c,26 :: 		if(rangeSelected==1 && started==1)
0x00D2	0x3000      	MOVLW      0
0x00D3	0x063D      	XORWF      _rangeSelected+1, 0
0x00D4	0x1D03      	BTFSS      STATUS, 2
0x00D5	0x28D8      	GOTO       L__main41
0x00D6	0x3001      	MOVLW      1
0x00D7	0x063C      	XORWF      _rangeSelected, 0
L__main41:
0x00D8	0x1D03      	BTFSS      STATUS, 2
0x00D9	0x290A      	GOTO       L_main9
0x00DA	0x3000      	MOVLW      0
0x00DB	0x063F      	XORWF      _started+1, 0
0x00DC	0x1D03      	BTFSS      STATUS, 2
0x00DD	0x28E0      	GOTO       L__main42
0x00DE	0x3001      	MOVLW      1
0x00DF	0x063E      	XORWF      _started, 0
L__main42:
0x00E0	0x1D03      	BTFSS      STATUS, 2
0x00E1	0x290A      	GOTO       L_main9
L__main39:
;Proektna_2017.c,28 :: 		if(currentHeatA+1!=10)
0x00E2	0x083A      	MOVF       _currentHeatA, 0
0x00E3	0x3E01      	ADDLW      1
0x00E4	0x00F1      	MOVWF      R1
0x00E5	0x3000      	MOVLW      0
0x00E6	0x1803      	BTFSC      STATUS, 0
0x00E7	0x3E01      	ADDLW      1
0x00E8	0x073B      	ADDWF      _currentHeatA+1, 0
0x00E9	0x00F2      	MOVWF      R1+1
0x00EA	0x3000      	MOVLW      0
0x00EB	0x0672      	XORWF      R1+1, 0
0x00EC	0x1D03      	BTFSS      STATUS, 2
0x00ED	0x28F0      	GOTO       L__main43
0x00EE	0x300A      	MOVLW      10
0x00EF	0x0671      	XORWF      R1, 0
L__main43:
0x00F0	0x1903      	BTFSC      STATUS, 2
0x00F1	0x28F5      	GOTO       L_main10
;Proektna_2017.c,30 :: 		currentHeatA++;
0x00F2	0x0ABA      	INCF       _currentHeatA, 1
0x00F3	0x1903      	BTFSC      STATUS, 2
0x00F4	0x0ABB      	INCF       _currentHeatA+1, 1
;Proektna_2017.c,31 :: 		}
L_main10:
;Proektna_2017.c,32 :: 		PORTA=arrayStates[currentHeatA-1];
0x00F5	0x3001      	MOVLW      1
0x00F6	0x023A      	SUBWF      _currentHeatA, 0
0x00F7	0x00F3      	MOVWF      R3
0x00F8	0x3000      	MOVLW      0
0x00F9	0x1C03      	BTFSS      STATUS, 0
0x00FA	0x3E01      	ADDLW      1
0x00FB	0x023B      	SUBWF      _currentHeatA+1, 0
0x00FC	0x00F4      	MOVWF      R3+1
0x00FD	0x0873      	MOVF       R3, 0
0x00FE	0x00F0      	MOVWF      R0
0x00FF	0x0874      	MOVF       R3+1, 0
0x0100	0x00F1      	MOVWF      R0+1
0x0101	0x0DF0      	RLF        R0, 1
0x0102	0x0DF1      	RLF        R0+1, 1
0x0103	0x1070      	BCF        R0, 0
0x0104	0x0870      	MOVF       R0, 0
0x0105	0x3E26      	ADDLW      _arrayStates
0x0106	0x0084      	MOVWF      FSR
0x0107	0x0800      	MOVF       INDF, 0
0x0108	0x0085      	MOVWF      PORTA
;Proektna_2017.c,33 :: 		}
0x0109	0x2941      	GOTO       L_main11
L_main9:
;Proektna_2017.c,34 :: 		else if(rangeSelected==2 && started==1)
0x010A	0x3000      	MOVLW      0
0x010B	0x063D      	XORWF      _rangeSelected+1, 0
0x010C	0x1D03      	BTFSS      STATUS, 2
0x010D	0x2910      	GOTO       L__main44
0x010E	0x3002      	MOVLW      2
0x010F	0x063C      	XORWF      _rangeSelected, 0
L__main44:
0x0110	0x1D03      	BTFSS      STATUS, 2
0x0111	0x2941      	GOTO       L_main14
0x0112	0x3000      	MOVLW      0
0x0113	0x063F      	XORWF      _started+1, 0
0x0114	0x1D03      	BTFSS      STATUS, 2
0x0115	0x2918      	GOTO       L__main45
0x0116	0x3001      	MOVLW      1
0x0117	0x063E      	XORWF      _started, 0
L__main45:
0x0118	0x1D03      	BTFSS      STATUS, 2
0x0119	0x2941      	GOTO       L_main14
L__main38:
;Proektna_2017.c,36 :: 		if(currentHeatC+1!=10)
0x011A	0x0838      	MOVF       _currentHeatC, 0
0x011B	0x3E01      	ADDLW      1
0x011C	0x00F1      	MOVWF      R1
0x011D	0x3000      	MOVLW      0
0x011E	0x1803      	BTFSC      STATUS, 0
0x011F	0x3E01      	ADDLW      1
0x0120	0x0739      	ADDWF      _currentHeatC+1, 0
0x0121	0x00F2      	MOVWF      R1+1
0x0122	0x3000      	MOVLW      0
0x0123	0x0672      	XORWF      R1+1, 0
0x0124	0x1D03      	BTFSS      STATUS, 2
0x0125	0x2928      	GOTO       L__main46
0x0126	0x300A      	MOVLW      10
0x0127	0x0671      	XORWF      R1, 0
L__main46:
0x0128	0x1903      	BTFSC      STATUS, 2
0x0129	0x292D      	GOTO       L_main15
;Proektna_2017.c,38 :: 		currentHeatC++;
0x012A	0x0AB8      	INCF       _currentHeatC, 1
0x012B	0x1903      	BTFSC      STATUS, 2
0x012C	0x0AB9      	INCF       _currentHeatC+1, 1
;Proektna_2017.c,39 :: 		}
L_main15:
;Proektna_2017.c,40 :: 		PORTC=arrayStates[currentHeatC-1];
0x012D	0x3001      	MOVLW      1
0x012E	0x0238      	SUBWF      _currentHeatC, 0
0x012F	0x00F3      	MOVWF      R3
0x0130	0x3000      	MOVLW      0
0x0131	0x1C03      	BTFSS      STATUS, 0
0x0132	0x3E01      	ADDLW      1
0x0133	0x0239      	SUBWF      _currentHeatC+1, 0
0x0134	0x00F4      	MOVWF      R3+1
0x0135	0x0873      	MOVF       R3, 0
0x0136	0x00F0      	MOVWF      R0
0x0137	0x0874      	MOVF       R3+1, 0
0x0138	0x00F1      	MOVWF      R0+1
0x0139	0x0DF0      	RLF        R0, 1
0x013A	0x0DF1      	RLF        R0+1, 1
0x013B	0x1070      	BCF        R0, 0
0x013C	0x0870      	MOVF       R0, 0
0x013D	0x3E26      	ADDLW      _arrayStates
0x013E	0x0084      	MOVWF      FSR
0x013F	0x0800      	MOVF       INDF, 0
0x0140	0x0087      	MOVWF      PORTC
;Proektna_2017.c,41 :: 		}
L_main14:
L_main11:
;Proektna_2017.c,42 :: 		break;
0x0141	0x2A01      	GOTO       L_main5
;Proektna_2017.c,45 :: 		case 2:
L_main16:
;Proektna_2017.c,47 :: 		if(rangeSelected==1  && started==1)
0x0142	0x3000      	MOVLW      0
0x0143	0x063D      	XORWF      _rangeSelected+1, 0
0x0144	0x1D03      	BTFSS      STATUS, 2
0x0145	0x2948      	GOTO       L__main47
0x0146	0x3001      	MOVLW      1
0x0147	0x063C      	XORWF      _rangeSelected, 0
L__main47:
0x0148	0x1D03      	BTFSS      STATUS, 2
0x0149	0x297B      	GOTO       L_main19
0x014A	0x3000      	MOVLW      0
0x014B	0x063F      	XORWF      _started+1, 0
0x014C	0x1D03      	BTFSS      STATUS, 2
0x014D	0x2950      	GOTO       L__main48
0x014E	0x3001      	MOVLW      1
0x014F	0x063E      	XORWF      _started, 0
L__main48:
0x0150	0x1D03      	BTFSS      STATUS, 2
0x0151	0x297B      	GOTO       L_main19
L__main37:
;Proektna_2017.c,49 :: 		if(currentHeatA-1!=0)
0x0152	0x3001      	MOVLW      1
0x0153	0x023A      	SUBWF      _currentHeatA, 0
0x0154	0x00F1      	MOVWF      R1
0x0155	0x3000      	MOVLW      0
0x0156	0x1C03      	BTFSS      STATUS, 0
0x0157	0x3E01      	ADDLW      1
0x0158	0x023B      	SUBWF      _currentHeatA+1, 0
0x0159	0x00F2      	MOVWF      R1+1
0x015A	0x3000      	MOVLW      0
0x015B	0x0672      	XORWF      R1+1, 0
0x015C	0x1D03      	BTFSS      STATUS, 2
0x015D	0x2960      	GOTO       L__main49
0x015E	0x3000      	MOVLW      0
0x015F	0x0671      	XORWF      R1, 0
L__main49:
0x0160	0x1903      	BTFSC      STATUS, 2
0x0161	0x2966      	GOTO       L_main20
;Proektna_2017.c,51 :: 		currentHeatA--;
0x0162	0x3001      	MOVLW      1
0x0163	0x02BA      	SUBWF      _currentHeatA, 1
0x0164	0x1C03      	BTFSS      STATUS, 0
0x0165	0x03BB      	DECF       _currentHeatA+1, 1
;Proektna_2017.c,52 :: 		}
L_main20:
;Proektna_2017.c,53 :: 		PORTA=arrayStates[currentHeatA-1];
0x0166	0x3001      	MOVLW      1
0x0167	0x023A      	SUBWF      _currentHeatA, 0
0x0168	0x00F3      	MOVWF      R3
0x0169	0x3000      	MOVLW      0
0x016A	0x1C03      	BTFSS      STATUS, 0
0x016B	0x3E01      	ADDLW      1
0x016C	0x023B      	SUBWF      _currentHeatA+1, 0
0x016D	0x00F4      	MOVWF      R3+1
0x016E	0x0873      	MOVF       R3, 0
0x016F	0x00F0      	MOVWF      R0
0x0170	0x0874      	MOVF       R3+1, 0
0x0171	0x00F1      	MOVWF      R0+1
0x0172	0x0DF0      	RLF        R0, 1
0x0173	0x0DF1      	RLF        R0+1, 1
0x0174	0x1070      	BCF        R0, 0
0x0175	0x0870      	MOVF       R0, 0
0x0176	0x3E26      	ADDLW      _arrayStates
0x0177	0x0084      	MOVWF      FSR
0x0178	0x0800      	MOVF       INDF, 0
0x0179	0x0085      	MOVWF      PORTA
;Proektna_2017.c,54 :: 		}
0x017A	0x29B3      	GOTO       L_main21
L_main19:
;Proektna_2017.c,55 :: 		else if(rangeSelected==2  && started==1)
0x017B	0x3000      	MOVLW      0
0x017C	0x063D      	XORWF      _rangeSelected+1, 0
0x017D	0x1D03      	BTFSS      STATUS, 2
0x017E	0x2981      	GOTO       L__main50
0x017F	0x3002      	MOVLW      2
0x0180	0x063C      	XORWF      _rangeSelected, 0
L__main50:
0x0181	0x1D03      	BTFSS      STATUS, 2
0x0182	0x29B3      	GOTO       L_main24
0x0183	0x3000      	MOVLW      0
0x0184	0x063F      	XORWF      _started+1, 0
0x0185	0x1D03      	BTFSS      STATUS, 2
0x0186	0x2989      	GOTO       L__main51
0x0187	0x3001      	MOVLW      1
0x0188	0x063E      	XORWF      _started, 0
L__main51:
0x0189	0x1D03      	BTFSS      STATUS, 2
0x018A	0x29B3      	GOTO       L_main24
L__main36:
;Proektna_2017.c,57 :: 		if(currentHeatC-1!=0)
0x018B	0x3001      	MOVLW      1
0x018C	0x0238      	SUBWF      _currentHeatC, 0
0x018D	0x00F1      	MOVWF      R1
0x018E	0x3000      	MOVLW      0
0x018F	0x1C03      	BTFSS      STATUS, 0
0x0190	0x3E01      	ADDLW      1
0x0191	0x0239      	SUBWF      _currentHeatC+1, 0
0x0192	0x00F2      	MOVWF      R1+1
0x0193	0x3000      	MOVLW      0
0x0194	0x0672      	XORWF      R1+1, 0
0x0195	0x1D03      	BTFSS      STATUS, 2
0x0196	0x2999      	GOTO       L__main52
0x0197	0x3000      	MOVLW      0
0x0198	0x0671      	XORWF      R1, 0
L__main52:
0x0199	0x1903      	BTFSC      STATUS, 2
0x019A	0x299F      	GOTO       L_main25
;Proektna_2017.c,59 :: 		currentHeatC--;
0x019B	0x3001      	MOVLW      1
0x019C	0x02B8      	SUBWF      _currentHeatC, 1
0x019D	0x1C03      	BTFSS      STATUS, 0
0x019E	0x03B9      	DECF       _currentHeatC+1, 1
;Proektna_2017.c,60 :: 		}
L_main25:
;Proektna_2017.c,61 :: 		PORTC=arrayStates[currentHeatC-1];
0x019F	0x3001      	MOVLW      1
0x01A0	0x0238      	SUBWF      _currentHeatC, 0
0x01A1	0x00F3      	MOVWF      R3
0x01A2	0x3000      	MOVLW      0
0x01A3	0x1C03      	BTFSS      STATUS, 0
0x01A4	0x3E01      	ADDLW      1
0x01A5	0x0239      	SUBWF      _currentHeatC+1, 0
0x01A6	0x00F4      	MOVWF      R3+1
0x01A7	0x0873      	MOVF       R3, 0
0x01A8	0x00F0      	MOVWF      R0
0x01A9	0x0874      	MOVF       R3+1, 0
0x01AA	0x00F1      	MOVWF      R0+1
0x01AB	0x0DF0      	RLF        R0, 1
0x01AC	0x0DF1      	RLF        R0+1, 1
0x01AD	0x1070      	BCF        R0, 0
0x01AE	0x0870      	MOVF       R0, 0
0x01AF	0x3E26      	ADDLW      _arrayStates
0x01B0	0x0084      	MOVWF      FSR
0x01B1	0x0800      	MOVF       INDF, 0
0x01B2	0x0087      	MOVWF      PORTC
;Proektna_2017.c,62 :: 		}
L_main24:
L_main21:
;Proektna_2017.c,63 :: 		break;
0x01B3	0x2A01      	GOTO       L_main5
;Proektna_2017.c,66 :: 		case 5:
L_main26:
;Proektna_2017.c,68 :: 		if(started==1){
0x01B4	0x3000      	MOVLW      0
0x01B5	0x063F      	XORWF      _started+1, 0
0x01B6	0x1D03      	BTFSS      STATUS, 2
0x01B7	0x29BA      	GOTO       L__main53
0x01B8	0x3001      	MOVLW      1
0x01B9	0x063E      	XORWF      _started, 0
L__main53:
0x01BA	0x1D03      	BTFSS      STATUS, 2
0x01BB	0x29C0      	GOTO       L_main27
;Proektna_2017.c,69 :: 		rangeSelected=1;
0x01BC	0x3001      	MOVLW      1
0x01BD	0x00BC      	MOVWF      _rangeSelected
0x01BE	0x3000      	MOVLW      0
0x01BF	0x00BD      	MOVWF      _rangeSelected+1
;Proektna_2017.c,70 :: 		}
L_main27:
;Proektna_2017.c,71 :: 		break;
0x01C0	0x2A01      	GOTO       L_main5
;Proektna_2017.c,74 :: 		case 6:
L_main28:
;Proektna_2017.c,76 :: 		if(started==1){
0x01C1	0x3000      	MOVLW      0
0x01C2	0x063F      	XORWF      _started+1, 0
0x01C3	0x1D03      	BTFSS      STATUS, 2
0x01C4	0x29C7      	GOTO       L__main54
0x01C5	0x3001      	MOVLW      1
0x01C6	0x063E      	XORWF      _started, 0
L__main54:
0x01C7	0x1D03      	BTFSS      STATUS, 2
0x01C8	0x29CD      	GOTO       L_main29
;Proektna_2017.c,77 :: 		rangeSelected=2;
0x01C9	0x3002      	MOVLW      2
0x01CA	0x00BC      	MOVWF      _rangeSelected
0x01CB	0x3000      	MOVLW      0
0x01CC	0x00BD      	MOVWF      _rangeSelected+1
;Proektna_2017.c,78 :: 		}
L_main29:
;Proektna_2017.c,79 :: 		break;
0x01CD	0x2A01      	GOTO       L_main5
;Proektna_2017.c,82 :: 		case 9:
L_main30:
;Proektna_2017.c,84 :: 		break;
0x01CE	0x2A01      	GOTO       L_main5
;Proektna_2017.c,87 :: 		case 10:
L_main31:
;Proektna_2017.c,89 :: 		if(oldstate==5)
0x01CF	0x0842      	MOVF       _oldstate, 0
0x01D0	0x3A05      	XORLW      5
0x01D1	0x1D03      	BTFSS      STATUS, 2
0x01D2	0x29D7      	GOTO       L_main32
;Proektna_2017.c,91 :: 		PORTA=0x00;
0x01D3	0x0185      	CLRF       PORTA
;Proektna_2017.c,92 :: 		currentHeatA=0;
0x01D4	0x01BA      	CLRF       _currentHeatA
0x01D5	0x01BB      	CLRF       _currentHeatA+1
;Proektna_2017.c,93 :: 		}
0x01D6	0x29E8      	GOTO       L_main33
L_main32:
;Proektna_2017.c,94 :: 		else if(oldstate==6)
0x01D7	0x0842      	MOVF       _oldstate, 0
0x01D8	0x3A06      	XORLW      6
0x01D9	0x1D03      	BTFSS      STATUS, 2
0x01DA	0x29DF      	GOTO       L_main34
;Proektna_2017.c,96 :: 		PORTC=0x00;
0x01DB	0x0187      	CLRF       PORTC
;Proektna_2017.c,97 :: 		currentHeatC=0;
0x01DC	0x01B8      	CLRF       _currentHeatC
0x01DD	0x01B9      	CLRF       _currentHeatC+1
;Proektna_2017.c,98 :: 		}
0x01DE	0x29E8      	GOTO       L_main35
L_main34:
;Proektna_2017.c,101 :: 		currentHeatA=0;
0x01DF	0x01BA      	CLRF       _currentHeatA
0x01E0	0x01BB      	CLRF       _currentHeatA+1
;Proektna_2017.c,102 :: 		currentHeatC=0;
0x01E1	0x01B8      	CLRF       _currentHeatC
0x01E2	0x01B9      	CLRF       _currentHeatC+1
;Proektna_2017.c,103 :: 		started=0;
0x01E3	0x01BE      	CLRF       _started
0x01E4	0x01BF      	CLRF       _started+1
;Proektna_2017.c,104 :: 		PORTC=0x00;
0x01E5	0x0187      	CLRF       PORTC
;Proektna_2017.c,105 :: 		PORTA=0x6D;
0x01E6	0x306D      	MOVLW      109
0x01E7	0x0085      	MOVWF      PORTA
;Proektna_2017.c,106 :: 		}
L_main35:
L_main33:
;Proektna_2017.c,107 :: 		break;
0x01E8	0x2A01      	GOTO       L_main5
;Proektna_2017.c,109 :: 		}
L_main4:
0x01E9	0x0843      	MOVF       _kp, 0
0x01EA	0x3A01      	XORLW      1
0x01EB	0x1903      	BTFSC      STATUS, 2
0x01EC	0x28D2      	GOTO       L_main6
0x01ED	0x0843      	MOVF       _kp, 0
0x01EE	0x3A02      	XORLW      2
0x01EF	0x1903      	BTFSC      STATUS, 2
0x01F0	0x2942      	GOTO       L_main16
0x01F1	0x0843      	MOVF       _kp, 0
0x01F2	0x3A05      	XORLW      5
0x01F3	0x1903      	BTFSC      STATUS, 2
0x01F4	0x29B4      	GOTO       L_main26
0x01F5	0x0843      	MOVF       _kp, 0
0x01F6	0x3A06      	XORLW      6
0x01F7	0x1903      	BTFSC      STATUS, 2
0x01F8	0x29C1      	GOTO       L_main28
0x01F9	0x0843      	MOVF       _kp, 0
0x01FA	0x3A09      	XORLW      9
0x01FB	0x1903      	BTFSC      STATUS, 2
0x01FC	0x29CE      	GOTO       L_main30
0x01FD	0x0843      	MOVF       _kp, 0
0x01FE	0x3A0A      	XORLW      10
0x01FF	0x1903      	BTFSC      STATUS, 2
0x0200	0x29CF      	GOTO       L_main31
L_main5:
;Proektna_2017.c,110 :: 		oldstate=kp;
0x0201	0x0843      	MOVF       _kp, 0
0x0202	0x00C2      	MOVWF      _oldstate
;Proektna_2017.c,111 :: 		}
0x0203	0x28CA      	GOTO       L_main0
;Proektna_2017.c,112 :: 		}
L_end_main:
0x0204	0x2A04      	GOTO       $+0
; end of _main
Symbol List:
//** Routines locations **
//ADDRESS    SIZE    PROCEDURE
//----------------------------------------------
0x0003       [3]    _Delay_1us
0x0006       [8]    _Delay_10us
0x000E      [47]    _Keypad_Key_Press
0x003D       [7]    _____DoICP
0x0044      [33]    _EEPROM_Write
0x0065      [13]    _Keypad_Key_Click
0x0072      [12]    ___CC2DW
0x007E     [391]    _main
//** Variables locations ** 
//ADDRESS    SIZE    VARIABLE
//----------------------------------------------
0x0000       [1]    INDF
0x0002       [1]    PCL
0x0003       [1]    STATUS
0x0004       [1]    FSR
0x0005       [1]    PORTA
0x0007       [1]    PORTC
0x0008       [1]    keypadPort
0x0008       [1]    PORTD
0x000A       [1]    PCLATH
0x000B       [1]    INTCON
0x0020       [2]    _T1
0x0022       [2]    _V1
0x0024       [2]    _T2
0x0026      [18]    _arrayStates
0x0038       [2]    _currentHeatC
0x003A       [2]    _currentHeatA
0x003C       [2]    _rangeSelected
0x003E       [2]    _started
0x0040       [2]    ___DoICPAddr
0x0042       [1]    _oldstate
0x0043       [1]    _kp
0x0044       [1]    Keypad_Key_Click_rslt_L0
0x0044       [1]    FARG_EEPROM_Write_Address
0x0045       [1]    FARG_EEPROM_Write_data_
0x0046       [1]    Keypad_Key_Press_rslt_L0
0x0047       [1]    Keypad_Key_Press_kdata_L0
0x0048       [1]    Keypad_Key_Press_loc_L0
0x0049       [1]    Keypad_Key_Press_rowcnt_L0
0x004A       [1]    Keypad_Key_Press_shifter_L0
0x0070       [1]    R0
0x0071       [1]    R1
0x0072       [1]    R2
0x0073       [1]    R3
0x0074       [1]    R4
0x0075       [1]    R5
0x0076       [1]    R6
0x0077       [1]    R7
0x0078       [1]    R8
0x0079       [1]    R9
0x007A       [1]    R10
0x007B       [1]    R11
0x007C       [1]    R12
0x007D       [1]    R13
0x007E       [1]    R14
0x007F       [1]    R15
0x0085       [1]    TRISA
0x0087       [1]    TRISC
0x010C       [1]    EEDATA
0x010D       [1]    EEADR
0x018C       [1]    EECON1
0x018D       [1]    EECON2
//** Label List: ** 
//----------------------------------------------
  L_main0
  L_main1
  L_main2
  L_main3
  L_main4
  L_main5
  L_main6
  L_main7
  L_main8
  L_main9
  L_main10
  L_main11
  L_main12
  L_main13
  L_main14
  L_main15
  L_main16
  L_main17
  L_main18
  L_main19
  L_main20
  L_main21
  L_main22
  L_main23
  L_main24
  L_main25
  L_main26
  L_main27
  L_main28
  L_main29
  L_main30
  L_main31
  L_main32
  L_main33
  L_main34
  L_main35
  L__main36
  L__main37
  L__main38
  L__main39
  L_end_main
  _main
  L__main41
  L__main42
  L__main43
  L__main44
  L__main45
  L__main46
  L__main47
  L__main48
  L__main49
  L__main50
  L__main51
  L__main52
  L__main53
  L__main54
  L_Delay_10us0
  L_Delay_22us1
  L_Delay_50us2
  L_Delay_80us3
  L_Delay_500us4
  L_Delay_5500us5
  L_Delay_1ms6
  L_Delay_5ms7
  L_Delay_8ms8
  L_Delay_10ms9
  L_Delay_100ms10
  L_Delay_1sec11
  L_boot16_Delay_5ms12
  L_Delay_Cyc13
  L_Delay_Cyc14
  L_VDelay_ms15
  L_VDelay_ms16
  L_VDelay_ms17
  L_VDelay_Advanced_ms18
  L_VDelay_Advanced_ms19
  L_VDelay_Advanced_ms20
  L_end_Get_Fosc_kHz
  _Get_Fosc_kHz
  L_end_Delay_1us
  _Delay_1us
  L_end_Delay_10us
  _Delay_10us
  L_end_Delay_22us
  _Delay_22us
  L_end_Delay_50us
  _Delay_50us
  L_end_Delay_80us
  _Delay_80us
  L_end_Delay_500us
  _Delay_500us
  L_end_Delay_5500us
  _Delay_5500us
  L_end_Delay_1ms
  _Delay_1ms
  L_end_Delay_5ms
  _Delay_5ms
  L_end_Delay_8ms
  _Delay_8ms
  L_end_Delay_10ms
  _Delay_10ms
  L_end_Delay_100ms
  _Delay_100ms
  L_end_Delay_1sec
  _Delay_1sec
  L_end_boot16_Delay_5ms
  _boot16_Delay_5ms
  L_end_Delay_Cyc
  _Delay_Cyc
  L_end_VDelay_ms
  _VDelay_ms
  L__VDelay_ms38
  L__VDelay_ms39
  L__VDelay_ms40
  L_end_VDelay_Advanced_ms
  _VDelay_Advanced_ms
  L__VDelay_Advanced_ms42
  L__VDelay_Advanced_ms43
  L__VDelay_Advanced_ms44
  L_EEPROM_Write0
  L_EEPROM_Write1
  L_end_EEPROM_Read
  _EEPROM_Read
  L_end_EEPROM_Write
  _EEPROM_Write
  L__EEPROM_Write4
  L__EEPROM_Write5
  L_Keypad_Key_Press0
  L_Keypad_Key_Press1
  L_Keypad_Key_Press2
  L_Keypad_Key_Press3
  L_Keypad_Key_Press4
  L_Keypad_Key_Click5
  L_Keypad_Key_Click6
  L_end_Keypad_Init
  _Keypad_Init
  L_end_Keypad_Key_Press
  _Keypad_Key_Press
  L_end_Keypad_Key_Click
  _Keypad_Key_Click
  L_loopCA2AWs
  L_CA2AWend
  _CCA2AW_Loop1
  L_loopCS2Ss
  L_CS2Send
  _CCS2S_Loop1
  L_CCS2Send
  L_loopFZinSWs
  L_FZinSend
  _CC2D_Loop1
  L_end_____DoICP
  _____DoICP
  L_end_____DoIFC
  _____DoIFC
  L_end___CA2AW
  ___CA2AW
  L_end___CCA2AW
  ___CCA2AW
  L_end___CS2S
  ___CS2S
  L_end___CCS2S
  ___CCS2S
  L_end___FZinS
  ___FZinS
  L_end___CC2DW
  ___CC2DW
  L_end_Swap
  _Swap
